{"/home/tej/Desktop/dhwaniastroV2/user-auth-service/src/config/jwt.js": {"path":"/home/tej/Desktop/dhwaniastroV2/user-auth-service/src/config/jwt.js","statementMap":{"0":{"start":{"line":1,"column":12},"end":{"line":1,"column":35}},"1":{"start":{"line":3,"column":28},"end":{"line":9,"column":1}},"2":{"start":{"line":4,"column":2},"end":{"line":8,"column":4}},"3":{"start":{"line":11,"column":29},"end":{"line":17,"column":1}},"4":{"start":{"line":12,"column":2},"end":{"line":16,"column":4}},"5":{"start":{"line":19,"column":26},"end":{"line":21,"column":1}},"6":{"start":{"line":20,"column":2},"end":{"line":20,"column":51}},"7":{"start":{"line":23,"column":27},"end":{"line":25,"column":1}},"8":{"start":{"line":24,"column":2},"end":{"line":24,"column":59}},"9":{"start":{"line":27,"column":0},"end":{"line":32,"column":2}}},"fnMap":{"0":{"name":"(anonymous_0)","decl":{"start":{"line":3,"column":28},"end":{"line":3,"column":29}},"loc":{"start":{"line":3,"column":38},"end":{"line":9,"column":1}},"line":3},"1":{"name":"(anonymous_1)","decl":{"start":{"line":11,"column":29},"end":{"line":11,"column":30}},"loc":{"start":{"line":11,"column":39},"end":{"line":17,"column":1}},"line":11},"2":{"name":"(anonymous_2)","decl":{"start":{"line":19,"column":26},"end":{"line":19,"column":27}},"loc":{"start":{"line":19,"column":37},"end":{"line":21,"column":1}},"line":19},"3":{"name":"(anonymous_3)","decl":{"start":{"line":23,"column":27},"end":{"line":23,"column":28}},"loc":{"start":{"line":23,"column":38},"end":{"line":25,"column":1}},"line":23}},"branchMap":{},"s":{"0":1,"1":1,"2":2,"3":1,"4":2,"5":1,"6":0,"7":1,"8":1,"9":1},"f":{"0":2,"1":2,"2":0,"3":1},"b":{},"_coverageSchema":"1a1c01bbd47fc00a2c39e90264f33305004495a9","hash":"d2ff32a79df1191196d293a7e8f7d3817895f1c2"}
,"/home/tej/Desktop/dhwaniastroV2/user-auth-service/src/config/redis.js": {"path":"/home/tej/Desktop/dhwaniastroV2/user-auth-service/src/config/redis.js","statementMap":{"0":{"start":{"line":3,"column":14},"end":{"line":3,"column":32}},"1":{"start":{"line":5,"column":14},"end":{"line":9,"column":2}},"2":{"start":{"line":11,"column":0},"end":{"line":13,"column":3}},"3":{"start":{"line":12,"column":2},"end":{"line":12,"column":35}},"4":{"start":{"line":15,"column":0},"end":{"line":17,"column":3}},"5":{"start":{"line":16,"column":2},"end":{"line":16,"column":39}},"6":{"start":{"line":19,"column":0},"end":{"line":19,"column":23}}},"fnMap":{"0":{"name":"(anonymous_0)","decl":{"start":{"line":11,"column":20},"end":{"line":11,"column":21}},"loc":{"start":{"line":11,"column":26},"end":{"line":13,"column":1}},"line":11},"1":{"name":"(anonymous_1)","decl":{"start":{"line":15,"column":18},"end":{"line":15,"column":19}},"loc":{"start":{"line":15,"column":27},"end":{"line":17,"column":1}},"line":15}},"branchMap":{},"s":{"0":1,"1":1,"2":1,"3":1,"4":1,"5":0,"6":1},"f":{"0":1,"1":0},"b":{},"_coverageSchema":"1a1c01bbd47fc00a2c39e90264f33305004495a9","hash":"d22dcece631a7a6d6b8bdb46a9e0c17e004dea47"}
,"/home/tej/Desktop/dhwaniastroV2/user-auth-service/src/config/redisConstants.js": {"path":"/home/tej/Desktop/dhwaniastroV2/user-auth-service/src/config/redisConstants.js","statementMap":{"0":{"start":{"line":2,"column":19},"end":{"line":2,"column":22}},"1":{"start":{"line":3,"column":23},"end":{"line":3,"column":24}},"2":{"start":{"line":4,"column":24},"end":{"line":4,"column":27}},"3":{"start":{"line":7,"column":28},"end":{"line":7,"column":29}},"4":{"start":{"line":8,"column":29},"end":{"line":8,"column":32}},"5":{"start":{"line":10,"column":0},"end":{"line":16,"column":2}}},"fnMap":{},"branchMap":{},"s":{"0":1,"1":1,"2":1,"3":1,"4":1,"5":1},"f":{},"b":{},"_coverageSchema":"1a1c01bbd47fc00a2c39e90264f33305004495a9","hash":"32ca6d4f77fecd6b1c06216603492ab94029da3f"}
,"/home/tej/Desktop/dhwaniastroV2/user-auth-service/src/graphql/resolvers.js": {"path":"/home/tej/Desktop/dhwaniastroV2/user-auth-service/src/graphql/resolvers.js","statementMap":{"0":{"start":{"line":1,"column":25},"end":{"line":1,"column":50}},"1":{"start":{"line":6,"column":4},"end":{"line":6,"column":28}},"2":{"start":{"line":7,"column":24},"end":{"line":7,"column":47}},"3":{"start":{"line":8,"column":14},"end":{"line":8,"column":40}},"4":{"start":{"line":9,"column":15},"end":{"line":9,"column":32}},"5":{"start":{"line":15,"column":4},"end":{"line":15,"column":39}},"6":{"start":{"line":17,"column":15},"end":{"line":17,"column":33}},"7":{"start":{"line":19,"column":0},"end":{"line":192,"column":2}},"8":{"start":{"line":23,"column":2},"end":{"line":25,"column":3}},"9":{"start":{"line":24,"column":4},"end":{"line":24,"column":34}},"10":{"start":{"line":27,"column":15},"end":{"line":27,"column":33}},"11":{"start":{"line":29,"column":30},"end":{"line":38,"column":4}},"12":{"start":{"line":40,"column":2},"end":{"line":45,"column":4}},"13":{"start":{"line":51,"column":6},"end":{"line":51,"column":54}},"14":{"start":{"line":51,"column":19},"end":{"line":51,"column":54}},"15":{"start":{"line":53,"column":17},"end":{"line":53,"column":68}},"16":{"start":{"line":55,"column":6},"end":{"line":55,"column":69}},"17":{"start":{"line":55,"column":34},"end":{"line":55,"column":69}},"18":{"start":{"line":57,"column":6},"end":{"line":61,"column":7}},"19":{"start":{"line":58,"column":8},"end":{"line":60,"column":11}},"20":{"start":{"line":64,"column":22},"end":{"line":64,"column":42}},"21":{"start":{"line":65,"column":20},"end":{"line":65,"column":45}},"22":{"start":{"line":66,"column":6},"end":{"line":66,"column":68}},"23":{"start":{"line":66,"column":23},"end":{"line":66,"column":68}},"24":{"start":{"line":67,"column":6},"end":{"line":67,"column":75}},"25":{"start":{"line":67,"column":34},"end":{"line":67,"column":75}},"26":{"start":{"line":69,"column":18},"end":{"line":69,"column":31}},"27":{"start":{"line":70,"column":6},"end":{"line":70,"column":62}},"28":{"start":{"line":71,"column":6},"end":{"line":71,"column":41}},"29":{"start":{"line":73,"column":6},"end":{"line":73,"column":18}},"30":{"start":{"line":78,"column":6},"end":{"line":78,"column":54}},"31":{"start":{"line":78,"column":19},"end":{"line":78,"column":54}},"32":{"start":{"line":79,"column":6},"end":{"line":79,"column":48}},"33":{"start":{"line":79,"column":16},"end":{"line":79,"column":48}},"34":{"start":{"line":81,"column":26},"end":{"line":81,"column":70}},"35":{"start":{"line":82,"column":6},"end":{"line":82,"column":59}},"36":{"start":{"line":82,"column":23},"end":{"line":82,"column":59}},"37":{"start":{"line":84,"column":24},"end":{"line":84,"column":56}},"38":{"start":{"line":85,"column":6},"end":{"line":85,"column":70}},"39":{"start":{"line":85,"column":22},"end":{"line":85,"column":70}},"40":{"start":{"line":86,"column":6},"end":{"line":86,"column":60}},"41":{"start":{"line":86,"column":29},"end":{"line":86,"column":60}},"42":{"start":{"line":88,"column":6},"end":{"line":88,"column":67}},"43":{"start":{"line":89,"column":6},"end":{"line":89,"column":39}},"44":{"start":{"line":91,"column":19},"end":{"line":91,"column":70}},"45":{"start":{"line":92,"column":6},"end":{"line":92,"column":51}},"46":{"start":{"line":92,"column":17},"end":{"line":92,"column":51}},"47":{"start":{"line":93,"column":6},"end":{"line":93,"column":61}},"48":{"start":{"line":93,"column":26},"end":{"line":93,"column":61}},"49":{"start":{"line":94,"column":6},"end":{"line":94,"column":62}},"50":{"start":{"line":94,"column":26},"end":{"line":94,"column":62}},"51":{"start":{"line":96,"column":26},"end":{"line":96,"column":51}},"52":{"start":{"line":97,"column":27},"end":{"line":97,"column":53}},"53":{"start":{"line":99,"column":6},"end":{"line":102,"column":9}},"54":{"start":{"line":104,"column":6},"end":{"line":121,"column":7}},"55":{"start":{"line":105,"column":8},"end":{"line":120,"column":11}},"56":{"start":{"line":123,"column":6},"end":{"line":123,"column":49}},"57":{"start":{"line":128,"column":6},"end":{"line":128,"column":60}},"58":{"start":{"line":128,"column":18},"end":{"line":128,"column":60}},"59":{"start":{"line":129,"column":22},"end":{"line":129,"column":47}},"60":{"start":{"line":130,"column":19},"end":{"line":130,"column":78}},"61":{"start":{"line":131,"column":6},"end":{"line":131,"column":89}},"62":{"start":{"line":131,"column":48},"end":{"line":131,"column":89}},"63":{"start":{"line":133,"column":24},"end":{"line":133,"column":49}},"64":{"start":{"line":134,"column":25},"end":{"line":134,"column":51}},"65":{"start":{"line":136,"column":6},"end":{"line":139,"column":9}},"66":{"start":{"line":141,"column":6},"end":{"line":158,"column":7}},"67":{"start":{"line":142,"column":8},"end":{"line":157,"column":11}},"68":{"start":{"line":160,"column":6},"end":{"line":160,"column":72}},"69":{"start":{"line":165,"column":6},"end":{"line":165,"column":49}},"70":{"start":{"line":165,"column":17},"end":{"line":165,"column":49}},"71":{"start":{"line":167,"column":6},"end":{"line":170,"column":9}},"72":{"start":{"line":172,"column":6},"end":{"line":185,"column":7}},"73":{"start":{"line":173,"column":8},"end":{"line":184,"column":11}},"74":{"start":{"line":187,"column":6},"end":{"line":187,"column":18}}},"fnMap":{"0":{"name":"(anonymous_0)","decl":{"start":{"line":22,"column":17},"end":{"line":22,"column":18}},"loc":{"start":{"line":22,"column":65},"end":{"line":46,"column":1}},"line":22},"1":{"name":"(anonymous_1)","decl":{"start":{"line":50,"column":16},"end":{"line":50,"column":17}},"loc":{"start":{"line":50,"column":41},"end":{"line":74,"column":5}},"line":50},"2":{"name":"(anonymous_2)","decl":{"start":{"line":77,"column":17},"end":{"line":77,"column":18}},"loc":{"start":{"line":77,"column":56},"end":{"line":124,"column":5}},"line":77},"3":{"name":"(anonymous_3)","decl":{"start":{"line":127,"column":18},"end":{"line":127,"column":19}},"loc":{"start":{"line":127,"column":51},"end":{"line":161,"column":5}},"line":127},"4":{"name":"(anonymous_4)","decl":{"start":{"line":164,"column":12},"end":{"line":164,"column":13}},"loc":{"start":{"line":164,"column":44},"end":{"line":188,"column":5}},"line":164}},"branchMap":{"0":{"loc":{"start":{"line":22,"column":29},"end":{"line":22,"column":37}},"type":"default-arg","locations":[{"start":{"line":22,"column":36},"end":{"line":22,"column":37}}],"line":22},"1":{"loc":{"start":{"line":22,"column":39},"end":{"line":22,"column":49}},"type":"default-arg","locations":[{"start":{"line":22,"column":47},"end":{"line":22,"column":49}}],"line":22},"2":{"loc":{"start":{"line":23,"column":2},"end":{"line":25,"column":3}},"type":"if","locations":[{"start":{"line":23,"column":2},"end":{"line":25,"column":3}},{"start":{},"end":{}}],"line":23},"3":{"loc":{"start":{"line":23,"column":6},"end":{"line":23,"column":52}},"type":"binary-expr","locations":[{"start":{"line":23,"column":6},"end":{"line":23,"column":19}},{"start":{"line":23,"column":23},"end":{"line":23,"column":52}}],"line":23},"4":{"loc":{"start":{"line":51,"column":6},"end":{"line":51,"column":54}},"type":"if","locations":[{"start":{"line":51,"column":6},"end":{"line":51,"column":54}},{"start":{},"end":{}}],"line":51},"5":{"loc":{"start":{"line":55,"column":6},"end":{"line":55,"column":69}},"type":"if","locations":[{"start":{"line":55,"column":6},"end":{"line":55,"column":69}},{"start":{},"end":{}}],"line":55},"6":{"loc":{"start":{"line":55,"column":10},"end":{"line":55,"column":32}},"type":"binary-expr","locations":[{"start":{"line":55,"column":10},"end":{"line":55,"column":14}},{"start":{"line":55,"column":18},"end":{"line":55,"column":32}}],"line":55},"7":{"loc":{"start":{"line":57,"column":6},"end":{"line":61,"column":7}},"type":"if","locations":[{"start":{"line":57,"column":6},"end":{"line":61,"column":7}},{"start":{},"end":{}}],"line":57},"8":{"loc":{"start":{"line":66,"column":6},"end":{"line":66,"column":68}},"type":"if","locations":[{"start":{"line":66,"column":6},"end":{"line":66,"column":68}},{"start":{},"end":{}}],"line":66},"9":{"loc":{"start":{"line":67,"column":6},"end":{"line":67,"column":75}},"type":"if","locations":[{"start":{"line":67,"column":6},"end":{"line":67,"column":75}},{"start":{},"end":{}}],"line":67},"10":{"loc":{"start":{"line":78,"column":6},"end":{"line":78,"column":54}},"type":"if","locations":[{"start":{"line":78,"column":6},"end":{"line":78,"column":54}},{"start":{},"end":{}}],"line":78},"11":{"loc":{"start":{"line":79,"column":6},"end":{"line":79,"column":48}},"type":"if","locations":[{"start":{"line":79,"column":6},"end":{"line":79,"column":48}},{"start":{},"end":{}}],"line":79},"12":{"loc":{"start":{"line":82,"column":6},"end":{"line":82,"column":59}},"type":"if","locations":[{"start":{"line":82,"column":6},"end":{"line":82,"column":59}},{"start":{},"end":{}}],"line":82},"13":{"loc":{"start":{"line":85,"column":6},"end":{"line":85,"column":70}},"type":"if","locations":[{"start":{"line":85,"column":6},"end":{"line":85,"column":70}},{"start":{},"end":{}}],"line":85},"14":{"loc":{"start":{"line":86,"column":6},"end":{"line":86,"column":60}},"type":"if","locations":[{"start":{"line":86,"column":6},"end":{"line":86,"column":60}},{"start":{},"end":{}}],"line":86},"15":{"loc":{"start":{"line":92,"column":6},"end":{"line":92,"column":51}},"type":"if","locations":[{"start":{"line":92,"column":6},"end":{"line":92,"column":51}},{"start":{},"end":{}}],"line":92},"16":{"loc":{"start":{"line":93,"column":6},"end":{"line":93,"column":61}},"type":"if","locations":[{"start":{"line":93,"column":6},"end":{"line":93,"column":61}},{"start":{},"end":{}}],"line":93},"17":{"loc":{"start":{"line":94,"column":6},"end":{"line":94,"column":62}},"type":"if","locations":[{"start":{"line":94,"column":6},"end":{"line":94,"column":62}},{"start":{},"end":{}}],"line":94},"18":{"loc":{"start":{"line":104,"column":6},"end":{"line":121,"column":7}},"type":"if","locations":[{"start":{"line":104,"column":6},"end":{"line":121,"column":7}},{"start":{},"end":{}}],"line":104},"19":{"loc":{"start":{"line":128,"column":6},"end":{"line":128,"column":60}},"type":"if","locations":[{"start":{"line":128,"column":6},"end":{"line":128,"column":60}},{"start":{},"end":{}}],"line":128},"20":{"loc":{"start":{"line":131,"column":6},"end":{"line":131,"column":89}},"type":"if","locations":[{"start":{"line":131,"column":6},"end":{"line":131,"column":89}},{"start":{},"end":{}}],"line":131},"21":{"loc":{"start":{"line":131,"column":10},"end":{"line":131,"column":46}},"type":"binary-expr","locations":[{"start":{"line":131,"column":10},"end":{"line":131,"column":15}},{"start":{"line":131,"column":19},"end":{"line":131,"column":46}}],"line":131},"22":{"loc":{"start":{"line":141,"column":6},"end":{"line":158,"column":7}},"type":"if","locations":[{"start":{"line":141,"column":6},"end":{"line":158,"column":7}},{"start":{},"end":{}}],"line":141},"23":{"loc":{"start":{"line":165,"column":6},"end":{"line":165,"column":49}},"type":"if","locations":[{"start":{"line":165,"column":6},"end":{"line":165,"column":49}},{"start":{},"end":{}}],"line":165},"24":{"loc":{"start":{"line":172,"column":6},"end":{"line":185,"column":7}},"type":"if","locations":[{"start":{"line":172,"column":6},"end":{"line":185,"column":7}},{"start":{},"end":{}}],"line":172}},"s":{"0":1,"1":1,"2":1,"3":1,"4":1,"5":1,"6":1,"7":1,"8":2,"9":1,"10":1,"11":1,"12":1,"13":3,"14":0,"15":3,"16":3,"17":0,"18":3,"19":3,"20":3,"21":3,"22":3,"23":3,"24":3,"25":0,"26":3,"27":3,"28":3,"29":3,"30":4,"31":0,"32":4,"33":0,"34":4,"35":4,"36":1,"37":3,"38":3,"39":1,"40":2,"41":1,"42":1,"43":1,"44":1,"45":1,"46":0,"47":1,"48":0,"49":1,"50":0,"51":1,"52":1,"53":1,"54":1,"55":1,"56":1,"57":1,"58":0,"59":1,"60":1,"61":1,"62":0,"63":1,"64":1,"65":1,"66":1,"67":1,"68":1,"69":3,"70":1,"71":2,"72":2,"73":2,"74":2},"f":{"0":2,"1":3,"2":4,"3":1,"4":3},"b":{"0":[0],"1":[0],"2":[1,1],"3":[2,2],"4":[0,3],"5":[0,3],"6":[3,0],"7":[3,0],"8":[3,0],"9":[0,3],"10":[0,4],"11":[0,4],"12":[1,3],"13":[1,2],"14":[1,1],"15":[0,1],"16":[0,1],"17":[0,1],"18":[1,0],"19":[0,1],"20":[0,1],"21":[1,1],"22":[1,0],"23":[1,2],"24":[2,0]},"_coverageSchema":"1a1c01bbd47fc00a2c39e90264f33305004495a9","hash":"75e367c352f4123575be38ce2fe90321e9518cbb"}
,"/home/tej/Desktop/dhwaniastroV2/user-auth-service/src/graphql/typeDefs.js": {"path":"/home/tej/Desktop/dhwaniastroV2/user-auth-service/src/graphql/typeDefs.js","statementMap":{"0":{"start":{"line":1,"column":16},"end":{"line":1,"column":38}},"1":{"start":{"line":3,"column":0},"end":{"line":48,"column":2}}},"fnMap":{},"branchMap":{},"s":{"0":1,"1":1},"f":{},"b":{},"_coverageSchema":"1a1c01bbd47fc00a2c39e90264f33305004495a9","hash":"936cc0f39be259277bfdd5d2287936432464c109"}
,"/home/tej/Desktop/dhwaniastroV2/user-auth-service/src/utils/otp.js": {"path":"/home/tej/Desktop/dhwaniastroV2/user-auth-service/src/utils/otp.js","statementMap":{"0":{"start":{"line":2,"column":2},"end":{"line":2,"column":64}},"1":{"start":{"line":6,"column":2},"end":{"line":6,"column":46}},"2":{"start":{"line":9,"column":0},"end":{"line":9,"column":48}}},"fnMap":{"0":{"name":"generateOtp","decl":{"start":{"line":1,"column":9},"end":{"line":1,"column":20}},"loc":{"start":{"line":1,"column":23},"end":{"line":3,"column":1}},"line":1},"1":{"name":"otpExpiryTime","decl":{"start":{"line":5,"column":9},"end":{"line":5,"column":22}},"loc":{"start":{"line":5,"column":25},"end":{"line":7,"column":1}},"line":5}},"branchMap":{},"s":{"0":3,"1":0,"2":1},"f":{"0":3,"1":0},"b":{},"_coverageSchema":"1a1c01bbd47fc00a2c39e90264f33305004495a9","hash":"ad9b595ead9a1f15deedaeb253600122fb389a7d"}
}
