{"/home/tej/Desktop/dhwaniastroV2/user-auth-service/src/config/jwt.js": {"path":"/home/tej/Desktop/dhwaniastroV2/user-auth-service/src/config/jwt.js","statementMap":{"0":{"start":{"line":1,"column":12},"end":{"line":1,"column":35}},"1":{"start":{"line":3,"column":28},"end":{"line":9,"column":1}},"2":{"start":{"line":4,"column":2},"end":{"line":8,"column":4}},"3":{"start":{"line":11,"column":29},"end":{"line":17,"column":1}},"4":{"start":{"line":12,"column":2},"end":{"line":16,"column":4}},"5":{"start":{"line":19,"column":26},"end":{"line":21,"column":1}},"6":{"start":{"line":20,"column":2},"end":{"line":20,"column":51}},"7":{"start":{"line":23,"column":27},"end":{"line":25,"column":1}},"8":{"start":{"line":24,"column":2},"end":{"line":24,"column":59}},"9":{"start":{"line":27,"column":0},"end":{"line":32,"column":2}}},"fnMap":{"0":{"name":"(anonymous_0)","decl":{"start":{"line":3,"column":28},"end":{"line":3,"column":29}},"loc":{"start":{"line":3,"column":38},"end":{"line":9,"column":1}},"line":3},"1":{"name":"(anonymous_1)","decl":{"start":{"line":11,"column":29},"end":{"line":11,"column":30}},"loc":{"start":{"line":11,"column":39},"end":{"line":17,"column":1}},"line":11},"2":{"name":"(anonymous_2)","decl":{"start":{"line":19,"column":26},"end":{"line":19,"column":27}},"loc":{"start":{"line":19,"column":37},"end":{"line":21,"column":1}},"line":19},"3":{"name":"(anonymous_3)","decl":{"start":{"line":23,"column":27},"end":{"line":23,"column":28}},"loc":{"start":{"line":23,"column":38},"end":{"line":25,"column":1}},"line":23}},"branchMap":{},"s":{"0":1,"1":1,"2":0,"3":1,"4":0,"5":1,"6":0,"7":1,"8":0,"9":1},"f":{"0":0,"1":0,"2":0,"3":0},"b":{},"_coverageSchema":"1a1c01bbd47fc00a2c39e90264f33305004495a9","hash":"d2ff32a79df1191196d293a7e8f7d3817895f1c2"}
,"/home/tej/Desktop/dhwaniastroV2/user-auth-service/src/config/mongo.js": {"path":"/home/tej/Desktop/dhwaniastroV2/user-auth-service/src/config/mongo.js","statementMap":{"0":{"start":{"line":2,"column":24},"end":{"line":2,"column":42}},"1":{"start":{"line":4,"column":12},"end":{"line":4,"column":33}},"2":{"start":{"line":5,"column":15},"end":{"line":5,"column":35}},"3":{"start":{"line":11,"column":2},"end":{"line":35,"column":3}},"4":{"start":{"line":12,"column":4},"end":{"line":12,"column":22}},"5":{"start":{"line":12,"column":12},"end":{"line":12,"column":22}},"6":{"start":{"line":14,"column":4},"end":{"line":14,"column":34}},"7":{"start":{"line":16,"column":4},"end":{"line":16,"column":27}},"8":{"start":{"line":17,"column":4},"end":{"line":17,"column":50}},"9":{"start":{"line":19,"column":4},"end":{"line":19,"column":27}},"10":{"start":{"line":21,"column":24},"end":{"line":21,"column":84}},"11":{"start":{"line":23,"column":4},"end":{"line":29,"column":5}},"12":{"start":{"line":24,"column":6},"end":{"line":28,"column":9}},"13":{"start":{"line":31,"column":4},"end":{"line":31,"column":14}},"14":{"start":{"line":33,"column":4},"end":{"line":33,"column":66}},"15":{"start":{"line":34,"column":4},"end":{"line":34,"column":16}},"16":{"start":{"line":39,"column":2},"end":{"line":41,"column":3}},"17":{"start":{"line":40,"column":4},"end":{"line":40,"column":73}},"18":{"start":{"line":42,"column":2},"end":{"line":42,"column":12}},"19":{"start":{"line":45,"column":0},"end":{"line":45,"column":41}}},"fnMap":{"0":{"name":"connectMongo","decl":{"start":{"line":10,"column":15},"end":{"line":10,"column":27}},"loc":{"start":{"line":10,"column":30},"end":{"line":36,"column":1}},"line":10},"1":{"name":"getDb","decl":{"start":{"line":38,"column":9},"end":{"line":38,"column":14}},"loc":{"start":{"line":38,"column":17},"end":{"line":43,"column":1}},"line":38}},"branchMap":{"0":{"loc":{"start":{"line":12,"column":4},"end":{"line":12,"column":22}},"type":"if","locations":[{"start":{"line":12,"column":4},"end":{"line":12,"column":22}},{"start":{},"end":{}}],"line":12},"1":{"loc":{"start":{"line":23,"column":4},"end":{"line":29,"column":5}},"type":"if","locations":[{"start":{"line":23,"column":4},"end":{"line":29,"column":5}},{"start":{},"end":{}}],"line":23},"2":{"loc":{"start":{"line":39,"column":2},"end":{"line":41,"column":3}},"type":"if","locations":[{"start":{"line":39,"column":2},"end":{"line":41,"column":3}},{"start":{},"end":{}}],"line":39}},"s":{"0":1,"1":1,"2":1,"3":0,"4":0,"5":0,"6":0,"7":0,"8":0,"9":0,"10":0,"11":0,"12":0,"13":0,"14":0,"15":0,"16":0,"17":0,"18":0,"19":1},"f":{"0":0,"1":0},"b":{"0":[0,0],"1":[0,0],"2":[0,0]},"_coverageSchema":"1a1c01bbd47fc00a2c39e90264f33305004495a9","hash":"8a574ad74aa36e67ad1b90a979b9dae4c87738e5"}
,"/home/tej/Desktop/dhwaniastroV2/user-auth-service/src/config/prisma.js": {"path":"/home/tej/Desktop/dhwaniastroV2/user-auth-service/src/config/prisma.js","statementMap":{"0":{"start":{"line":2,"column":25},"end":{"line":2,"column":50}},"1":{"start":{"line":4,"column":15},"end":{"line":4,"column":33}},"2":{"start":{"line":6,"column":0},"end":{"line":6,"column":24}}},"fnMap":{},"branchMap":{},"s":{"0":1,"1":1,"2":1},"f":{},"b":{},"_coverageSchema":"1a1c01bbd47fc00a2c39e90264f33305004495a9","hash":"4790f65bb91c58214b37bc60ef9dfb54b5293174"}
,"/home/tej/Desktop/dhwaniastroV2/user-auth-service/src/config/redis.js": {"path":"/home/tej/Desktop/dhwaniastroV2/user-auth-service/src/config/redis.js","statementMap":{"0":{"start":{"line":3,"column":14},"end":{"line":3,"column":32}},"1":{"start":{"line":5,"column":14},"end":{"line":9,"column":2}},"2":{"start":{"line":11,"column":0},"end":{"line":13,"column":3}},"3":{"start":{"line":12,"column":2},"end":{"line":12,"column":35}},"4":{"start":{"line":15,"column":0},"end":{"line":17,"column":3}},"5":{"start":{"line":16,"column":2},"end":{"line":16,"column":39}},"6":{"start":{"line":19,"column":0},"end":{"line":19,"column":23}}},"fnMap":{"0":{"name":"(anonymous_0)","decl":{"start":{"line":11,"column":20},"end":{"line":11,"column":21}},"loc":{"start":{"line":11,"column":26},"end":{"line":13,"column":1}},"line":11},"1":{"name":"(anonymous_1)","decl":{"start":{"line":15,"column":18},"end":{"line":15,"column":19}},"loc":{"start":{"line":15,"column":27},"end":{"line":17,"column":1}},"line":15}},"branchMap":{},"s":{"0":1,"1":1,"2":1,"3":1,"4":1,"5":0,"6":1},"f":{"0":1,"1":0},"b":{},"_coverageSchema":"1a1c01bbd47fc00a2c39e90264f33305004495a9","hash":"d22dcece631a7a6d6b8bdb46a9e0c17e004dea47"}
,"/home/tej/Desktop/dhwaniastroV2/user-auth-service/src/graphql/resolvers.js": {"path":"/home/tej/Desktop/dhwaniastroV2/user-auth-service/src/graphql/resolvers.js","statementMap":{"0":{"start":{"line":1,"column":15},"end":{"line":1,"column":42}},"1":{"start":{"line":2,"column":14},"end":{"line":2,"column":40}},"2":{"start":{"line":3,"column":15},"end":{"line":3,"column":32}},"3":{"start":{"line":4,"column":66},"end":{"line":4,"column":100}},"4":{"start":{"line":5,"column":32},"end":{"line":5,"column":58}},"5":{"start":{"line":9,"column":2},"end":{"line":20,"column":3}},"6":{"start":{"line":10,"column":15},"end":{"line":10,"column":35}},"7":{"start":{"line":11,"column":23},"end":{"line":11,"column":52}},"8":{"start":{"line":12,"column":4},"end":{"line":17,"column":7}},"9":{"start":{"line":19,"column":4},"end":{"line":19,"column":57}},"10":{"start":{"line":23,"column":0},"end":{"line":225,"column":2}},"11":{"start":{"line":26,"column":6},"end":{"line":50,"column":7}},"12":{"start":{"line":27,"column":21},"end":{"line":27,"column":39}},"13":{"start":{"line":28,"column":31},"end":{"line":30,"column":14}},"14":{"start":{"line":32,"column":36},"end":{"line":40,"column":10}},"15":{"start":{"line":42,"column":8},"end":{"line":47,"column":10}},"16":{"start":{"line":49,"column":8},"end":{"line":49,"column":66}},"17":{"start":{"line":54,"column":6},"end":{"line":105,"column":7}},"18":{"start":{"line":55,"column":70},"end":{"line":55,"column":87}},"19":{"start":{"line":56,"column":21},"end":{"line":56,"column":39}},"20":{"start":{"line":58,"column":22},"end":{"line":58,"column":43}},"21":{"start":{"line":59,"column":8},"end":{"line":64,"column":9}},"22":{"start":{"line":60,"column":26},"end":{"line":60,"column":88}},"23":{"start":{"line":61,"column":10},"end":{"line":63,"column":11}},"24":{"start":{"line":62,"column":12},"end":{"line":62,"column":85}},"25":{"start":{"line":66,"column":22},"end":{"line":75,"column":9}},"26":{"start":{"line":77,"column":42},"end":{"line":95,"column":10}},"27":{"start":{"line":97,"column":8},"end":{"line":102,"column":10}},"28":{"start":{"line":104,"column":8},"end":{"line":104,"column":76}},"29":{"start":{"line":108,"column":2},"end":{"line":110,"column":3}},"30":{"start":{"line":109,"column":4},"end":{"line":109,"column":51}},"31":{"start":{"line":112,"column":16},"end":{"line":115,"column":4}},"32":{"start":{"line":117,"column":2},"end":{"line":120,"column":4}},"33":{"start":{"line":127,"column":6},"end":{"line":138,"column":7}},"34":{"start":{"line":128,"column":8},"end":{"line":128,"column":56}},"35":{"start":{"line":128,"column":21},"end":{"line":128,"column":56}},"36":{"start":{"line":130,"column":23},"end":{"line":130,"column":51}},"37":{"start":{"line":133,"column":8},"end":{"line":133,"column":71}},"38":{"start":{"line":135,"column":8},"end":{"line":135,"column":22}},"39":{"start":{"line":137,"column":8},"end":{"line":137,"column":66}},"40":{"start":{"line":142,"column":6},"end":{"line":162,"column":7}},"41":{"start":{"line":143,"column":8},"end":{"line":143,"column":56}},"42":{"start":{"line":143,"column":21},"end":{"line":143,"column":56}},"43":{"start":{"line":144,"column":8},"end":{"line":144,"column":50}},"44":{"start":{"line":144,"column":18},"end":{"line":144,"column":50}},"45":{"start":{"line":146,"column":52},"end":{"line":146,"column":87}},"46":{"start":{"line":148,"column":8},"end":{"line":153,"column":9}},"47":{"start":{"line":149,"column":10},"end":{"line":152,"column":13}},"48":{"start":{"line":156,"column":8},"end":{"line":156,"column":86}},"49":{"start":{"line":158,"column":8},"end":{"line":158,"column":51}},"50":{"start":{"line":160,"column":8},"end":{"line":160,"column":98}},"51":{"start":{"line":161,"column":8},"end":{"line":161,"column":76}},"52":{"start":{"line":166,"column":6},"end":{"line":183,"column":7}},"53":{"start":{"line":167,"column":8},"end":{"line":167,"column":62}},"54":{"start":{"line":167,"column":20},"end":{"line":167,"column":62}},"55":{"start":{"line":169,"column":52},"end":{"line":169,"column":84}},"56":{"start":{"line":171,"column":8},"end":{"line":176,"column":9}},"57":{"start":{"line":172,"column":10},"end":{"line":175,"column":13}},"58":{"start":{"line":178,"column":8},"end":{"line":178,"column":69}},"59":{"start":{"line":180,"column":8},"end":{"line":180,"column":51}},"60":{"start":{"line":182,"column":8},"end":{"line":182,"column":66}},"61":{"start":{"line":187,"column":2},"end":{"line":187,"column":68}},"62":{"start":{"line":187,"column":21},"end":{"line":187,"column":68}},"63":{"start":{"line":189,"column":22},"end":{"line":198,"column":4}},"64":{"start":{"line":199,"column":2},"end":{"line":199,"column":88}},"65":{"start":{"line":200,"column":2},"end":{"line":200,"column":21}},"66":{"start":{"line":204,"column":6},"end":{"line":222,"column":7}},"67":{"start":{"line":205,"column":8},"end":{"line":205,"column":51}},"68":{"start":{"line":205,"column":19},"end":{"line":205,"column":51}},"69":{"start":{"line":207,"column":8},"end":{"line":207,"column":91}},"70":{"start":{"line":209,"column":8},"end":{"line":214,"column":9}},"71":{"start":{"line":210,"column":10},"end":{"line":213,"column":13}},"72":{"start":{"line":217,"column":8},"end":{"line":217,"column":62}},"73":{"start":{"line":219,"column":8},"end":{"line":219,"column":20}},"74":{"start":{"line":221,"column":8},"end":{"line":221,"column":61}}},"fnMap":{"0":{"name":"logEvent","decl":{"start":{"line":8,"column":15},"end":{"line":8,"column":23}},"loc":{"start":{"line":8,"column":53},"end":{"line":21,"column":1}},"line":8},"1":{"name":"(anonymous_1)","decl":{"start":{"line":25,"column":21},"end":{"line":25,"column":22}},"loc":{"start":{"line":25,"column":82},"end":{"line":51,"column":5}},"line":25},"2":{"name":"(anonymous_2)","decl":{"start":{"line":53,"column":31},"end":{"line":53,"column":32}},"loc":{"start":{"line":53,"column":61},"end":{"line":106,"column":5}},"line":53},"3":{"name":"(anonymous_3)","decl":{"start":{"line":107,"column":20},"end":{"line":107,"column":21}},"loc":{"start":{"line":107,"column":46},"end":{"line":121,"column":1}},"line":107},"4":{"name":"(anonymous_4)","decl":{"start":{"line":126,"column":16},"end":{"line":126,"column":17}},"loc":{"start":{"line":126,"column":41},"end":{"line":139,"column":5}},"line":126},"5":{"name":"(anonymous_5)","decl":{"start":{"line":141,"column":17},"end":{"line":141,"column":18}},"loc":{"start":{"line":141,"column":56},"end":{"line":163,"column":5}},"line":141},"6":{"name":"(anonymous_6)","decl":{"start":{"line":165,"column":18},"end":{"line":165,"column":19}},"loc":{"start":{"line":165,"column":51},"end":{"line":184,"column":5}},"line":165},"7":{"name":"(anonymous_7)","decl":{"start":{"line":186,"column":23},"end":{"line":186,"column":24}},"loc":{"start":{"line":186,"column":56},"end":{"line":201,"column":1}},"line":186},"8":{"name":"(anonymous_8)","decl":{"start":{"line":203,"column":12},"end":{"line":203,"column":13}},"loc":{"start":{"line":203,"column":44},"end":{"line":223,"column":5}},"line":203}},"branchMap":{"0":{"loc":{"start":{"line":13,"column":14},"end":{"line":13,"column":28}},"type":"binary-expr","locations":[{"start":{"line":13,"column":14},"end":{"line":13,"column":20}},{"start":{"line":13,"column":24},"end":{"line":13,"column":28}}],"line":13},"1":{"loc":{"start":{"line":15,"column":15},"end":{"line":15,"column":28}},"type":"binary-expr","locations":[{"start":{"line":15,"column":15},"end":{"line":15,"column":22}},{"start":{"line":15,"column":26},"end":{"line":15,"column":28}}],"line":15},"2":{"loc":{"start":{"line":25,"column":33},"end":{"line":25,"column":41}},"type":"default-arg","locations":[{"start":{"line":25,"column":40},"end":{"line":25,"column":41}}],"line":25},"3":{"loc":{"start":{"line":25,"column":43},"end":{"line":25,"column":53}},"type":"default-arg","locations":[{"start":{"line":25,"column":51},"end":{"line":25,"column":53}}],"line":25},"4":{"loc":{"start":{"line":25,"column":55},"end":{"line":25,"column":66}},"type":"default-arg","locations":[{"start":{"line":25,"column":64},"end":{"line":25,"column":66}}],"line":25},"5":{"loc":{"start":{"line":28,"column":31},"end":{"line":30,"column":14}},"type":"cond-expr","locations":[{"start":{"line":29,"column":12},"end":{"line":29,"column":65}},{"start":{"line":30,"column":12},"end":{"line":30,"column":14}}],"line":28},"6":{"loc":{"start":{"line":49,"column":24},"end":{"line":49,"column":64}},"type":"binary-expr","locations":[{"start":{"line":49,"column":24},"end":{"line":49,"column":37}},{"start":{"line":49,"column":41},"end":{"line":49,"column":64}}],"line":49},"7":{"loc":{"start":{"line":55,"column":45},"end":{"line":55,"column":55}},"type":"default-arg","locations":[{"start":{"line":55,"column":53},"end":{"line":55,"column":55}}],"line":55},"8":{"loc":{"start":{"line":55,"column":57},"end":{"line":55,"column":65}},"type":"default-arg","locations":[{"start":{"line":55,"column":64},"end":{"line":55,"column":65}}],"line":55},"9":{"loc":{"start":{"line":55,"column":70},"end":{"line":55,"column":87}},"type":"binary-expr","locations":[{"start":{"line":55,"column":70},"end":{"line":55,"column":81}},{"start":{"line":55,"column":85},"end":{"line":55,"column":87}}],"line":55},"10":{"loc":{"start":{"line":59,"column":8},"end":{"line":64,"column":9}},"type":"if","locations":[{"start":{"line":59,"column":8},"end":{"line":64,"column":9}},{"start":{},"end":{}}],"line":59},"11":{"loc":{"start":{"line":61,"column":10},"end":{"line":63,"column":11}},"type":"if","locations":[{"start":{"line":61,"column":10},"end":{"line":63,"column":11}},{"start":{},"end":{}}],"line":61},"12":{"loc":{"start":{"line":62,"column":46},"end":{"line":62,"column":82}},"type":"cond-expr","locations":[{"start":{"line":62,"column":68},"end":{"line":62,"column":73}},{"start":{"line":62,"column":76},"end":{"line":62,"column":82}}],"line":62},"13":{"loc":{"start":{"line":68,"column":14},"end":{"line":74,"column":11}},"type":"binary-expr","locations":[{"start":{"line":68,"column":14},"end":{"line":68,"column":19}},{"start":{"line":68,"column":23},"end":{"line":74,"column":11}}],"line":68},"14":{"loc":{"start":{"line":104,"column":24},"end":{"line":104,"column":74}},"type":"binary-expr","locations":[{"start":{"line":104,"column":24},"end":{"line":104,"column":37}},{"start":{"line":104,"column":41},"end":{"line":104,"column":74}}],"line":104},"15":{"loc":{"start":{"line":108,"column":2},"end":{"line":110,"column":3}},"type":"if","locations":[{"start":{"line":108,"column":2},"end":{"line":110,"column":3}},{"start":{},"end":{}}],"line":108},"16":{"loc":{"start":{"line":128,"column":8},"end":{"line":128,"column":56}},"type":"if","locations":[{"start":{"line":128,"column":8},"end":{"line":128,"column":56}},{"start":{},"end":{}}],"line":128},"17":{"loc":{"start":{"line":137,"column":24},"end":{"line":137,"column":64}},"type":"binary-expr","locations":[{"start":{"line":137,"column":24},"end":{"line":137,"column":37}},{"start":{"line":137,"column":41},"end":{"line":137,"column":64}}],"line":137},"18":{"loc":{"start":{"line":143,"column":8},"end":{"line":143,"column":56}},"type":"if","locations":[{"start":{"line":143,"column":8},"end":{"line":143,"column":56}},{"start":{},"end":{}}],"line":143},"19":{"loc":{"start":{"line":144,"column":8},"end":{"line":144,"column":50}},"type":"if","locations":[{"start":{"line":144,"column":8},"end":{"line":144,"column":50}},{"start":{},"end":{}}],"line":144},"20":{"loc":{"start":{"line":148,"column":8},"end":{"line":153,"column":9}},"type":"if","locations":[{"start":{"line":148,"column":8},"end":{"line":153,"column":9}},{"start":{},"end":{}}],"line":148},"21":{"loc":{"start":{"line":161,"column":24},"end":{"line":161,"column":74}},"type":"binary-expr","locations":[{"start":{"line":161,"column":24},"end":{"line":161,"column":37}},{"start":{"line":161,"column":41},"end":{"line":161,"column":74}}],"line":161},"22":{"loc":{"start":{"line":167,"column":8},"end":{"line":167,"column":62}},"type":"if","locations":[{"start":{"line":167,"column":8},"end":{"line":167,"column":62}},{"start":{},"end":{}}],"line":167},"23":{"loc":{"start":{"line":171,"column":8},"end":{"line":176,"column":9}},"type":"if","locations":[{"start":{"line":171,"column":8},"end":{"line":176,"column":9}},{"start":{},"end":{}}],"line":171},"24":{"loc":{"start":{"line":182,"column":24},"end":{"line":182,"column":64}},"type":"binary-expr","locations":[{"start":{"line":182,"column":24},"end":{"line":182,"column":37}},{"start":{"line":182,"column":41},"end":{"line":182,"column":64}}],"line":182},"25":{"loc":{"start":{"line":187,"column":2},"end":{"line":187,"column":68}},"type":"if","locations":[{"start":{"line":187,"column":2},"end":{"line":187,"column":68}},{"start":{},"end":{}}],"line":187},"26":{"loc":{"start":{"line":194,"column":17},"end":{"line":194,"column":67}},"type":"cond-expr","locations":[{"start":{"line":194,"column":35},"end":{"line":194,"column":60}},{"start":{"line":194,"column":63},"end":{"line":194,"column":67}}],"line":194},"27":{"loc":{"start":{"line":205,"column":8},"end":{"line":205,"column":51}},"type":"if","locations":[{"start":{"line":205,"column":8},"end":{"line":205,"column":51}},{"start":{},"end":{}}],"line":205},"28":{"loc":{"start":{"line":209,"column":8},"end":{"line":214,"column":9}},"type":"if","locations":[{"start":{"line":209,"column":8},"end":{"line":214,"column":9}},{"start":{},"end":{}}],"line":209},"29":{"loc":{"start":{"line":221,"column":24},"end":{"line":221,"column":59}},"type":"binary-expr","locations":[{"start":{"line":221,"column":24},"end":{"line":221,"column":37}},{"start":{"line":221,"column":41},"end":{"line":221,"column":59}}],"line":221}},"s":{"0":1,"1":1,"2":1,"3":1,"4":1,"5":0,"6":0,"7":0,"8":0,"9":0,"10":1,"11":0,"12":0,"13":0,"14":0,"15":0,"16":0,"17":0,"18":0,"19":0,"20":0,"21":0,"22":0,"23":0,"24":0,"25":0,"26":0,"27":0,"28":0,"29":0,"30":0,"31":0,"32":0,"33":0,"34":0,"35":0,"36":0,"37":0,"38":0,"39":0,"40":0,"41":0,"42":0,"43":0,"44":0,"45":0,"46":0,"47":0,"48":0,"49":0,"50":0,"51":0,"52":0,"53":0,"54":0,"55":0,"56":0,"57":0,"58":0,"59":0,"60":0,"61":0,"62":0,"63":0,"64":0,"65":0,"66":0,"67":0,"68":0,"69":0,"70":0,"71":0,"72":0,"73":0,"74":0},"f":{"0":0,"1":0,"2":0,"3":0,"4":0,"5":0,"6":0,"7":0,"8":0},"b":{"0":[0,0],"1":[0,0],"2":[0],"3":[0],"4":[0],"5":[0,0],"6":[0,0],"7":[0],"8":[0],"9":[0,0],"10":[0,0],"11":[0,0],"12":[0,0],"13":[0,0],"14":[0,0],"15":[0,0],"16":[0,0],"17":[0,0],"18":[0,0],"19":[0,0],"20":[0,0],"21":[0,0],"22":[0,0],"23":[0,0],"24":[0,0],"25":[0,0],"26":[0,0],"27":[0,0],"28":[0,0],"29":[0,0]},"_coverageSchema":"1a1c01bbd47fc00a2c39e90264f33305004495a9","hash":"c02ebe19ce095a086321b5159234fb12f1f1f64a"}
,"/home/tej/Desktop/dhwaniastroV2/user-auth-service/src/graphql/typeDefs.js": {"path":"/home/tej/Desktop/dhwaniastroV2/user-auth-service/src/graphql/typeDefs.js","statementMap":{"0":{"start":{"line":1,"column":16},"end":{"line":1,"column":38}},"1":{"start":{"line":3,"column":0},"end":{"line":129,"column":2}}},"fnMap":{},"branchMap":{},"s":{"0":1,"1":1},"f":{},"b":{},"_coverageSchema":"1a1c01bbd47fc00a2c39e90264f33305004495a9","hash":"1b6ff94a99a2ecf03b2332475d1af9a83d4ce967"}
,"/home/tej/Desktop/dhwaniastroV2/user-auth-service/src/services/authService.js": {"path":"/home/tej/Desktop/dhwaniastroV2/user-auth-service/src/services/authService.js","statementMap":{"0":{"start":{"line":1,"column":15},"end":{"line":1,"column":42}},"1":{"start":{"line":2,"column":14},"end":{"line":2,"column":40}},"2":{"start":{"line":3,"column":24},"end":{"line":3,"column":47}},"3":{"start":{"line":4,"column":54},"end":{"line":4,"column":78}},"4":{"start":{"line":5,"column":12},"end":{"line":5,"column":35}},"5":{"start":{"line":6,"column":32},"end":{"line":6,"column":58}},"6":{"start":{"line":8,"column":19},"end":{"line":8,"column":22}},"7":{"start":{"line":9,"column":18},"end":{"line":9,"column":19}},"8":{"start":{"line":10,"column":20},"end":{"line":10,"column":21}},"9":{"start":{"line":14,"column":2},"end":{"line":25,"column":3}},"10":{"start":{"line":15,"column":15},"end":{"line":15,"column":35}},"11":{"start":{"line":16,"column":23},"end":{"line":16,"column":52}},"12":{"start":{"line":18,"column":4},"end":{"line":23,"column":7}},"13":{"start":{"line":29,"column":23},"end":{"line":52,"column":1}},"14":{"start":{"line":30,"column":2},"end":{"line":51,"column":3}},"15":{"start":{"line":31,"column":4},"end":{"line":33,"column":5}},"16":{"start":{"line":32,"column":6},"end":{"line":32,"column":47}},"17":{"start":{"line":35,"column":20},"end":{"line":35,"column":40}},"18":{"start":{"line":36,"column":18},"end":{"line":36,"column":43}},"19":{"start":{"line":37,"column":4},"end":{"line":37,"column":54}},"20":{"start":{"line":37,"column":21},"end":{"line":37,"column":54}},"21":{"start":{"line":38,"column":4},"end":{"line":38,"column":80}},"22":{"start":{"line":38,"column":27},"end":{"line":38,"column":80}},"23":{"start":{"line":40,"column":16},"end":{"line":40,"column":29}},"24":{"start":{"line":41,"column":4},"end":{"line":41,"column":55}},"25":{"start":{"line":42,"column":4},"end":{"line":42,"column":60}},"26":{"start":{"line":45,"column":4},"end":{"line":45,"column":53}},"27":{"start":{"line":47,"column":4},"end":{"line":47,"column":35}},"28":{"start":{"line":49,"column":4},"end":{"line":49,"column":67}},"29":{"start":{"line":50,"column":4},"end":{"line":50,"column":59}},"30":{"start":{"line":55,"column":25},"end":{"line":101,"column":1}},"31":{"start":{"line":56,"column":2},"end":{"line":100,"column":3}},"32":{"start":{"line":57,"column":19},"end":{"line":57,"column":56}},"33":{"start":{"line":58,"column":4},"end":{"line":61,"column":5}},"34":{"start":{"line":59,"column":6},"end":{"line":59,"column":43}},"35":{"start":{"line":60,"column":6},"end":{"line":60,"column":42}},"36":{"start":{"line":63,"column":22},"end":{"line":63,"column":54}},"37":{"start":{"line":64,"column":4},"end":{"line":75,"column":5}},"38":{"start":{"line":65,"column":22},"end":{"line":65,"column":44}},"39":{"start":{"line":66,"column":20},"end":{"line":66,"column":45}},"40":{"start":{"line":67,"column":6},"end":{"line":67,"column":56}},"41":{"start":{"line":67,"column":23},"end":{"line":67,"column":56}},"42":{"start":{"line":68,"column":6},"end":{"line":71,"column":7}},"43":{"start":{"line":69,"column":8},"end":{"line":69,"column":53}},"44":{"start":{"line":70,"column":8},"end":{"line":70,"column":53}},"45":{"start":{"line":73,"column":6},"end":{"line":73,"column":87}},"46":{"start":{"line":74,"column":6},"end":{"line":74,"column":37}},"47":{"start":{"line":77,"column":4},"end":{"line":77,"column":68}},"48":{"start":{"line":78,"column":4},"end":{"line":78,"column":37}},"49":{"start":{"line":79,"column":4},"end":{"line":79,"column":44}},"50":{"start":{"line":81,"column":15},"end":{"line":81,"column":66}},"51":{"start":{"line":82,"column":4},"end":{"line":82,"column":69}},"52":{"start":{"line":82,"column":15},"end":{"line":82,"column":69}},"53":{"start":{"line":83,"column":4},"end":{"line":83,"column":59}},"54":{"start":{"line":83,"column":24},"end":{"line":83,"column":59}},"55":{"start":{"line":85,"column":24},"end":{"line":85,"column":49}},"56":{"start":{"line":86,"column":25},"end":{"line":86,"column":51}},"57":{"start":{"line":88,"column":4},"end":{"line":91,"column":7}},"58":{"start":{"line":94,"column":4},"end":{"line":94,"column":65}},"59":{"start":{"line":96,"column":4},"end":{"line":96,"column":47}},"60":{"start":{"line":98,"column":4},"end":{"line":98,"column":69}},"61":{"start":{"line":99,"column":4},"end":{"line":99,"column":61}},"62":{"start":{"line":104,"column":28},"end":{"line":133,"column":1}},"63":{"start":{"line":105,"column":2},"end":{"line":132,"column":3}},"64":{"start":{"line":106,"column":4},"end":{"line":106,"column":58}},"65":{"start":{"line":106,"column":16},"end":{"line":106,"column":58}},"66":{"start":{"line":109,"column":4},"end":{"line":113,"column":5}},"67":{"start":{"line":110,"column":6},"end":{"line":110,"column":66}},"68":{"start":{"line":112,"column":6},"end":{"line":112,"column":47}},"69":{"start":{"line":115,"column":17},"end":{"line":115,"column":76}},"70":{"start":{"line":116,"column":4},"end":{"line":116,"column":87}},"71":{"start":{"line":116,"column":46},"end":{"line":116,"column":87}},"72":{"start":{"line":118,"column":22},"end":{"line":118,"column":47}},"73":{"start":{"line":119,"column":23},"end":{"line":119,"column":49}},"74":{"start":{"line":121,"column":4},"end":{"line":124,"column":7}},"75":{"start":{"line":126,"column":4},"end":{"line":126,"column":72}},"76":{"start":{"line":128,"column":4},"end":{"line":128,"column":70}},"77":{"start":{"line":130,"column":4},"end":{"line":130,"column":75}},"78":{"start":{"line":131,"column":4},"end":{"line":131,"column":64}},"79":{"start":{"line":135,"column":0},"end":{"line":139,"column":2}}},"fnMap":{"0":{"name":"logEvent","decl":{"start":{"line":13,"column":15},"end":{"line":13,"column":23}},"loc":{"start":{"line":13,"column":52},"end":{"line":26,"column":1}},"line":13},"1":{"name":"(anonymous_1)","decl":{"start":{"line":29,"column":23},"end":{"line":29,"column":24}},"loc":{"start":{"line":29,"column":41},"end":{"line":52,"column":1}},"line":29},"2":{"name":"(anonymous_2)","decl":{"start":{"line":55,"column":25},"end":{"line":55,"column":26}},"loc":{"start":{"line":55,"column":48},"end":{"line":101,"column":1}},"line":55},"3":{"name":"(anonymous_3)","decl":{"start":{"line":104,"column":28},"end":{"line":104,"column":29}},"loc":{"start":{"line":104,"column":45},"end":{"line":133,"column":1}},"line":104}},"branchMap":{"0":{"loc":{"start":{"line":13,"column":38},"end":{"line":13,"column":50}},"type":"default-arg","locations":[{"start":{"line":13,"column":48},"end":{"line":13,"column":50}}],"line":13},"1":{"loc":{"start":{"line":31,"column":4},"end":{"line":33,"column":5}},"type":"if","locations":[{"start":{"line":31,"column":4},"end":{"line":33,"column":5}},{"start":{},"end":{}}],"line":31},"2":{"loc":{"start":{"line":37,"column":4},"end":{"line":37,"column":54}},"type":"if","locations":[{"start":{"line":37,"column":4},"end":{"line":37,"column":54}},{"start":{},"end":{}}],"line":37},"3":{"loc":{"start":{"line":38,"column":4},"end":{"line":38,"column":80}},"type":"if","locations":[{"start":{"line":38,"column":4},"end":{"line":38,"column":80}},{"start":{},"end":{}}],"line":38},"4":{"loc":{"start":{"line":50,"column":20},"end":{"line":50,"column":57}},"type":"binary-expr","locations":[{"start":{"line":50,"column":20},"end":{"line":50,"column":33}},{"start":{"line":50,"column":37},"end":{"line":50,"column":57}}],"line":50},"5":{"loc":{"start":{"line":58,"column":4},"end":{"line":61,"column":5}},"type":"if","locations":[{"start":{"line":58,"column":4},"end":{"line":61,"column":5}},{"start":{},"end":{}}],"line":58},"6":{"loc":{"start":{"line":64,"column":4},"end":{"line":75,"column":5}},"type":"if","locations":[{"start":{"line":64,"column":4},"end":{"line":75,"column":5}},{"start":{},"end":{}}],"line":64},"7":{"loc":{"start":{"line":64,"column":8},"end":{"line":64,"column":39}},"type":"binary-expr","locations":[{"start":{"line":64,"column":8},"end":{"line":64,"column":18}},{"start":{"line":64,"column":22},"end":{"line":64,"column":39}}],"line":64},"8":{"loc":{"start":{"line":67,"column":6},"end":{"line":67,"column":56}},"type":"if","locations":[{"start":{"line":67,"column":6},"end":{"line":67,"column":56}},{"start":{},"end":{}}],"line":67},"9":{"loc":{"start":{"line":68,"column":6},"end":{"line":71,"column":7}},"type":"if","locations":[{"start":{"line":68,"column":6},"end":{"line":71,"column":7}},{"start":{},"end":{}}],"line":68},"10":{"loc":{"start":{"line":82,"column":4},"end":{"line":82,"column":69}},"type":"if","locations":[{"start":{"line":82,"column":4},"end":{"line":82,"column":69}},{"start":{},"end":{}}],"line":82},"11":{"loc":{"start":{"line":83,"column":4},"end":{"line":83,"column":59}},"type":"if","locations":[{"start":{"line":83,"column":4},"end":{"line":83,"column":59}},{"start":{},"end":{}}],"line":83},"12":{"loc":{"start":{"line":99,"column":20},"end":{"line":99,"column":59}},"type":"binary-expr","locations":[{"start":{"line":99,"column":20},"end":{"line":99,"column":33}},{"start":{"line":99,"column":37},"end":{"line":99,"column":59}}],"line":99},"13":{"loc":{"start":{"line":106,"column":4},"end":{"line":106,"column":58}},"type":"if","locations":[{"start":{"line":106,"column":4},"end":{"line":106,"column":58}},{"start":{},"end":{}}],"line":106},"14":{"loc":{"start":{"line":116,"column":4},"end":{"line":116,"column":87}},"type":"if","locations":[{"start":{"line":116,"column":4},"end":{"line":116,"column":87}},{"start":{},"end":{}}],"line":116},"15":{"loc":{"start":{"line":116,"column":8},"end":{"line":116,"column":44}},"type":"binary-expr","locations":[{"start":{"line":116,"column":8},"end":{"line":116,"column":13}},{"start":{"line":116,"column":17},"end":{"line":116,"column":44}}],"line":116},"16":{"loc":{"start":{"line":131,"column":20},"end":{"line":131,"column":62}},"type":"binary-expr","locations":[{"start":{"line":131,"column":20},"end":{"line":131,"column":33}},{"start":{"line":131,"column":37},"end":{"line":131,"column":62}}],"line":131}},"s":{"0":1,"1":1,"2":1,"3":1,"4":1,"5":1,"6":1,"7":1,"8":1,"9":0,"10":0,"11":0,"12":0,"13":1,"14":0,"15":0,"16":0,"17":0,"18":0,"19":0,"20":0,"21":0,"22":0,"23":0,"24":0,"25":0,"26":0,"27":0,"28":0,"29":0,"30":1,"31":0,"32":0,"33":0,"34":0,"35":0,"36":0,"37":0,"38":0,"39":0,"40":0,"41":0,"42":0,"43":0,"44":0,"45":0,"46":0,"47":0,"48":0,"49":0,"50":0,"51":0,"52":0,"53":0,"54":0,"55":0,"56":0,"57":0,"58":0,"59":0,"60":0,"61":0,"62":1,"63":0,"64":0,"65":0,"66":0,"67":0,"68":0,"69":0,"70":0,"71":0,"72":0,"73":0,"74":0,"75":0,"76":0,"77":0,"78":0,"79":1},"f":{"0":0,"1":0,"2":0,"3":0},"b":{"0":[0],"1":[0,0],"2":[0,0],"3":[0,0],"4":[0,0],"5":[0,0],"6":[0,0],"7":[0,0],"8":[0,0],"9":[0,0],"10":[0,0],"11":[0,0],"12":[0,0],"13":[0,0],"14":[0,0],"15":[0,0],"16":[0,0]},"_coverageSchema":"1a1c01bbd47fc00a2c39e90264f33305004495a9","hash":"822f03f12c02ecd9311be58c071c82c73eb66bad"}
,"/home/tej/Desktop/dhwaniastroV2/user-auth-service/src/utils/otp.js": {"path":"/home/tej/Desktop/dhwaniastroV2/user-auth-service/src/utils/otp.js","statementMap":{"0":{"start":{"line":2,"column":2},"end":{"line":2,"column":64}},"1":{"start":{"line":6,"column":2},"end":{"line":6,"column":46}},"2":{"start":{"line":9,"column":0},"end":{"line":9,"column":48}}},"fnMap":{"0":{"name":"generateOtp","decl":{"start":{"line":1,"column":9},"end":{"line":1,"column":20}},"loc":{"start":{"line":1,"column":23},"end":{"line":3,"column":1}},"line":1},"1":{"name":"otpExpiryTime","decl":{"start":{"line":5,"column":9},"end":{"line":5,"column":22}},"loc":{"start":{"line":5,"column":25},"end":{"line":7,"column":1}},"line":5}},"branchMap":{},"s":{"0":0,"1":0,"2":1},"f":{"0":0,"1":0},"b":{},"_coverageSchema":"1a1c01bbd47fc00a2c39e90264f33305004495a9","hash":"ad9b595ead9a1f15deedaeb253600122fb389a7d"}
}
