TN:
SF:src/config/jwt.js
FN:3,(anonymous_0)
FN:11,(anonymous_1)
FN:19,(anonymous_2)
FN:23,(anonymous_3)
FNF:4
FNH:3
FNDA:2,(anonymous_0)
FNDA:2,(anonymous_1)
FNDA:0,(anonymous_2)
FNDA:1,(anonymous_3)
DA:1,1
DA:3,1
DA:4,2
DA:11,1
DA:12,2
DA:19,1
DA:20,0
DA:23,1
DA:24,1
DA:27,1
LF:10
LH:9
BRF:0
BRH:0
end_of_record
TN:
SF:src/config/redis.js
FN:11,(anonymous_0)
FN:15,(anonymous_1)
FNF:2
FNH:1
FNDA:1,(anonymous_0)
FNDA:0,(anonymous_1)
DA:3,1
DA:5,1
DA:11,1
DA:12,1
DA:15,1
DA:16,0
DA:19,1
LF:7
LH:6
BRF:0
BRH:0
end_of_record
TN:
SF:src/config/redisConstants.js
FNF:0
FNH:0
DA:2,1
DA:3,1
DA:4,1
DA:7,1
DA:8,1
DA:10,1
LF:6
LH:6
BRF:0
BRH:0
end_of_record
TN:
SF:src/graphql/resolvers.js
FN:22,(anonymous_0)
FN:50,(anonymous_1)
FN:94,(anonymous_2)
FN:125,(anonymous_3)
FN:155,(anonymous_4)
FN:170,(anonymous_5)
FN:218,(anonymous_6)
FN:245,(anonymous_7)
FN:295,(anonymous_8)
FN:332,(anonymous_9)
FN:359,(anonymous_10)
FN:390,(anonymous_11)
FN:403,(anonymous_12)
FN:443,(anonymous_13)
FN:453,(anonymous_14)
FN:475,(anonymous_15)
FN:492,(anonymous_16)
FNF:17
FNH:15
FNDA:5,(anonymous_0)
FNDA:2,(anonymous_1)
FNDA:2,(anonymous_2)
FNDA:2,(anonymous_3)
FNDA:1,(anonymous_4)
FNDA:1,(anonymous_5)
FNDA:3,(anonymous_6)
FNDA:4,(anonymous_7)
FNDA:1,(anonymous_8)
FNDA:3,(anonymous_9)
FNDA:2,(anonymous_10)
FNDA:2,(anonymous_11)
FNDA:1,(anonymous_12)
FNDA:0,(anonymous_13)
FNDA:1,(anonymous_14)
FNDA:0,(anonymous_15)
FNDA:1,(anonymous_16)
DA:1,1
DA:6,1
DA:7,1
DA:8,1
DA:9,1
DA:15,1
DA:17,1
DA:19,1
DA:23,5
DA:24,2
DA:27,3
DA:29,3
DA:40,3
DA:55,2
DA:56,1
DA:58,1
DA:60,1
DA:66,1
DA:85,1
DA:99,2
DA:100,1
DA:102,1
DA:104,1
DA:106,1
DA:116,1
DA:130,2
DA:131,0
DA:133,2
DA:135,2
DA:137,2
DA:147,2
DA:156,1
DA:157,0
DA:159,1
DA:171,1
DA:172,0
DA:175,1
DA:177,1
DA:202,1
DA:219,3
DA:221,3
DA:223,3
DA:225,3
DA:226,3
DA:232,3
DA:233,3
DA:234,3
DA:235,3
DA:237,3
DA:238,3
DA:239,3
DA:241,3
DA:246,4
DA:247,4
DA:249,4
DA:250,4
DA:252,3
DA:253,3
DA:254,2
DA:256,1
DA:257,1
DA:259,1
DA:260,1
DA:261,1
DA:262,1
DA:264,1
DA:265,1
DA:267,1
DA:272,1
DA:273,1
DA:291,1
DA:296,1
DA:297,1
DA:298,1
DA:299,1
DA:301,1
DA:302,1
DA:304,1
DA:309,1
DA:310,1
DA:328,1
DA:333,3
DA:335,2
DA:340,2
DA:341,2
DA:355,2
DA:361,2
DA:364,2
DA:367,2
DA:368,1
DA:370,1
DA:388,1
DA:391,2
DA:392,2
DA:394,0
DA:395,0
DA:397,0
DA:398,0
DA:399,0
DA:400,0
DA:404,1
DA:408,0
DA:409,0
DA:412,0
DA:413,0
DA:416,0
DA:418,0
DA:424,0
DA:429,0
DA:434,0
DA:444,0
DA:445,0
DA:447,0
DA:454,1
DA:455,0
DA:457,1
DA:462,1
DA:476,0
DA:477,0
DA:479,0
DA:483,0
DA:488,0
DA:493,1
DA:494,0
DA:496,1
DA:497,1
DA:499,1
DA:504,1
LF:128
LH:100
BRDA:22,0,0,0
BRDA:22,1,0,0
BRDA:23,2,0,2
BRDA:23,2,1,3
BRDA:23,3,0,5
BRDA:23,3,1,4
BRDA:52,4,0,0
BRDA:52,5,0,0
BRDA:55,6,0,1
BRDA:55,6,1,1
BRDA:55,7,0,2
BRDA:55,7,1,1
BRDA:96,8,0,1
BRDA:96,9,0,1
BRDA:99,10,0,1
BRDA:99,10,1,1
BRDA:99,11,0,2
BRDA:99,11,1,2
BRDA:127,12,0,0
BRDA:127,13,0,0
BRDA:130,14,0,0
BRDA:130,14,1,2
BRDA:130,15,0,2
BRDA:130,15,1,2
BRDA:155,16,0,0
BRDA:155,17,0,0
BRDA:156,18,0,0
BRDA:156,18,1,1
BRDA:156,19,0,1
BRDA:156,19,1,1
BRDA:170,20,0,0
BRDA:170,21,0,0
BRDA:171,22,0,0
BRDA:171,22,1,1
BRDA:171,23,0,1
BRDA:171,23,1,1
BRDA:219,24,0,0
BRDA:219,24,1,3
BRDA:223,25,0,0
BRDA:223,25,1,3
BRDA:223,26,0,3
BRDA:223,26,1,0
BRDA:225,27,0,3
BRDA:225,27,1,0
BRDA:234,28,0,3
BRDA:234,28,1,0
BRDA:235,29,0,0
BRDA:235,29,1,3
BRDA:246,30,0,0
BRDA:246,30,1,4
BRDA:247,31,0,0
BRDA:247,31,1,4
BRDA:250,32,0,1
BRDA:250,32,1,3
BRDA:253,33,0,1
BRDA:253,33,1,2
BRDA:254,34,0,1
BRDA:254,34,1,1
BRDA:260,35,0,0
BRDA:260,35,1,1
BRDA:261,36,0,0
BRDA:261,36,1,1
BRDA:262,37,0,0
BRDA:262,37,1,1
BRDA:272,38,0,1
BRDA:272,38,1,0
BRDA:296,39,0,0
BRDA:296,39,1,1
BRDA:299,40,0,0
BRDA:299,40,1,1
BRDA:299,41,0,1
BRDA:299,41,1,1
BRDA:309,42,0,1
BRDA:309,42,1,0
BRDA:333,43,0,1
BRDA:333,43,1,2
BRDA:340,44,0,2
BRDA:340,44,1,0
BRDA:364,45,0,0
BRDA:364,45,1,2
BRDA:367,46,0,1
BRDA:367,46,1,1
BRDA:394,47,0,0
BRDA:394,47,1,0
BRDA:395,48,0,0
BRDA:395,48,1,0
BRDA:408,49,0,0
BRDA:408,49,1,0
BRDA:412,50,0,0
BRDA:412,50,1,0
BRDA:444,51,0,0
BRDA:444,51,1,0
BRDA:444,52,0,0
BRDA:444,52,1,0
BRDA:454,53,0,0
BRDA:454,53,1,1
BRDA:454,54,0,1
BRDA:454,54,1,1
BRDA:476,55,0,0
BRDA:476,55,1,0
BRDA:476,56,0,0
BRDA:476,56,1,0
BRDA:493,57,0,0
BRDA:493,57,1,1
BRDA:493,58,0,1
BRDA:493,58,1,1
BRDA:497,59,0,0
BRDA:497,59,1,1
BRF:108
BRH:59
end_of_record
TN:
SF:src/graphql/typeDefs.js
FNF:0
FNH:0
DA:1,1
DA:3,1
LF:2
LH:2
BRF:0
BRH:0
end_of_record
TN:
SF:src/utils/otp.js
FN:1,generateOtp
FN:5,otpExpiryTime
FNF:2
FNH:1
FNDA:3,generateOtp
FNDA:0,otpExpiryTime
DA:2,3
DA:6,0
DA:9,1
LF:3
LH:2
BRF:0
BRH:0
end_of_record
