TN:
SF:src/config/jwt.js
FN:3,(anonymous_0)
FN:11,(anonymous_1)
FN:19,(anonymous_2)
FN:23,(anonymous_3)
FNF:4
FNH:3
FNDA:2,(anonymous_0)
FNDA:2,(anonymous_1)
FNDA:0,(anonymous_2)
FNDA:1,(anonymous_3)
DA:1,1
DA:3,1
DA:4,2
DA:11,1
DA:12,2
DA:19,1
DA:20,0
DA:23,1
DA:24,1
DA:27,1
LF:10
LH:9
BRF:0
BRH:0
end_of_record
TN:
SF:src/config/redis.js
FN:11,(anonymous_0)
FN:15,(anonymous_1)
FNF:2
FNH:1
FNDA:1,(anonymous_0)
FNDA:0,(anonymous_1)
DA:3,1
DA:5,1
DA:11,1
DA:12,1
DA:15,1
DA:16,0
DA:19,1
LF:7
LH:6
BRF:0
BRH:0
end_of_record
TN:
SF:src/config/redisConstants.js
FNF:0
FNH:0
DA:2,1
DA:3,1
DA:4,1
DA:7,1
DA:8,1
DA:10,1
LF:6
LH:6
BRF:0
BRH:0
end_of_record
TN:
SF:src/graphql/resolvers.js
FN:22,(anonymous_0)
FN:50,(anonymous_1)
FN:77,(anonymous_2)
FN:127,(anonymous_3)
FN:164,(anonymous_4)
FNF:5
FNH:5
FNDA:2,(anonymous_0)
FNDA:3,(anonymous_1)
FNDA:4,(anonymous_2)
FNDA:1,(anonymous_3)
FNDA:3,(anonymous_4)
DA:1,1
DA:6,1
DA:7,1
DA:8,1
DA:9,1
DA:15,1
DA:17,1
DA:19,1
DA:23,2
DA:24,1
DA:27,1
DA:29,1
DA:40,1
DA:51,3
DA:53,3
DA:55,3
DA:57,3
DA:58,3
DA:64,3
DA:65,3
DA:66,3
DA:67,3
DA:69,3
DA:70,3
DA:71,3
DA:73,3
DA:78,4
DA:79,4
DA:81,4
DA:82,4
DA:84,3
DA:85,3
DA:86,2
DA:88,1
DA:89,1
DA:91,1
DA:92,1
DA:93,1
DA:94,1
DA:96,1
DA:97,1
DA:99,1
DA:104,1
DA:105,1
DA:123,1
DA:128,1
DA:129,1
DA:130,1
DA:131,1
DA:133,1
DA:134,1
DA:136,1
DA:141,1
DA:142,1
DA:160,1
DA:165,3
DA:167,2
DA:172,2
DA:173,2
DA:187,2
LF:60
LH:60
BRDA:22,0,0,0
BRDA:22,1,0,0
BRDA:23,2,0,1
BRDA:23,2,1,1
BRDA:23,3,0,2
BRDA:23,3,1,2
BRDA:51,4,0,0
BRDA:51,4,1,3
BRDA:55,5,0,0
BRDA:55,5,1,3
BRDA:55,6,0,3
BRDA:55,6,1,0
BRDA:57,7,0,3
BRDA:57,7,1,0
BRDA:66,8,0,3
BRDA:66,8,1,0
BRDA:67,9,0,0
BRDA:67,9,1,3
BRDA:78,10,0,0
BRDA:78,10,1,4
BRDA:79,11,0,0
BRDA:79,11,1,4
BRDA:82,12,0,1
BRDA:82,12,1,3
BRDA:85,13,0,1
BRDA:85,13,1,2
BRDA:86,14,0,1
BRDA:86,14,1,1
BRDA:92,15,0,0
BRDA:92,15,1,1
BRDA:93,16,0,0
BRDA:93,16,1,1
BRDA:94,17,0,0
BRDA:94,17,1,1
BRDA:104,18,0,1
BRDA:104,18,1,0
BRDA:128,19,0,0
BRDA:128,19,1,1
BRDA:131,20,0,0
BRDA:131,20,1,1
BRDA:131,21,0,1
BRDA:131,21,1,1
BRDA:141,22,0,1
BRDA:141,22,1,0
BRDA:165,23,0,1
BRDA:165,23,1,2
BRDA:172,24,0,2
BRDA:172,24,1,0
BRF:48
BRH:30
end_of_record
TN:
SF:src/graphql/typeDefs.js
FNF:0
FNH:0
DA:1,1
DA:3,1
LF:2
LH:2
BRF:0
BRH:0
end_of_record
TN:
SF:src/utils/otp.js
FN:1,generateOtp
FN:5,otpExpiryTime
FNF:2
FNH:1
FNDA:3,generateOtp
FNDA:0,otpExpiryTime
DA:2,3
DA:6,0
DA:9,1
LF:3
LH:2
BRF:0
BRH:0
end_of_record
